{"/Users/yuridapazsimonin/Documents/Front End Developer/PetShopControl_challenge/src/components/index.tsx": {"path":"/Users/yuridapazsimonin/Documents/Front End Developer/PetShopControl_challenge/src/components/index.tsx","statementMap":{"0":{"start":{"line":1,"column":0},"end":{"line":1,"column":7}},"1":{"start":{"line":7,"column":9},"end":{"line":1,"column":30}},"2":{"start":{"line":2,"column":0},"end":{"line":2,"column":7}},"3":{"start":{"line":7,"column":17},"end":{"line":2,"column":50}},"4":{"start":{"line":3,"column":0},"end":{"line":3,"column":7}},"5":{"start":{"line":7,"column":35},"end":{"line":3,"column":40}},"6":{"start":{"line":4,"column":0},"end":{"line":4,"column":7}},"7":{"start":{"line":7,"column":48},"end":{"line":4,"column":40}},"8":{"start":{"line":5,"column":0},"end":{"line":5,"column":7}},"9":{"start":{"line":7,"column":61},"end":{"line":5,"column":46}}},"fnMap":{},"branchMap":{},"s":{"0":5,"1":5,"2":5,"3":5,"4":5,"5":5,"6":5,"7":5,"8":5,"9":5},"f":{},"b":{}}
,"/Users/yuridapazsimonin/Documents/Front End Developer/PetShopControl_challenge/src/components/Button/constant.ts": {"path":"/Users/yuridapazsimonin/Documents/Front End Developer/PetShopControl_challenge/src/components/Button/constant.ts","statementMap":{"0":{"start":{"line":1,"column":0},"end":{"line":1,"column":47}},"1":{"start":{"line":3,"column":13},"end":{"line":25,"column":3}}},"fnMap":{},"branchMap":{},"s":{"0":5,"1":5},"f":{},"b":{}}
,"/Users/yuridapazsimonin/Documents/Front End Developer/PetShopControl_challenge/src/components/Button/index.tsx": {"path":"/Users/yuridapazsimonin/Documents/Front End Developer/PetShopControl_challenge/src/components/Button/index.tsx","statementMap":{"0":{"start":{"line":1,"column":0},"end":{"line":1,"column":44}},"1":{"start":{"line":4,"column":15},"end":{"line":7,"column":null}},"2":{"start":{"line":5,"column":2},"end":{"line":6,"column":null}},"3":{"start":{"line":10,"column":0},"end":{"line":10,"column":22}}},"fnMap":{"0":{"name":"(anonymous_0)","decl":{"start":{"line":4,"column":15},"end":{"line":4,"column":16}},"loc":{"start":{"line":5,"column":2},"end":{"line":6,"column":null}}}},"branchMap":{},"s":{"0":5,"1":5,"2":3,"3":5},"f":{"0":3},"b":{}}
,"/Users/yuridapazsimonin/Documents/Front End Developer/PetShopControl_challenge/src/components/FormErrorMessage/constant.ts": {"path":"/Users/yuridapazsimonin/Documents/Front End Developer/PetShopControl_challenge/src/components/FormErrorMessage/constant.ts","statementMap":{"0":{"start":{"line":1,"column":0},"end":{"line":1,"column":47}},"1":{"start":{"line":3,"column":13},"end":{"line":14,"column":3}}},"fnMap":{},"branchMap":{},"s":{"0":5,"1":5},"f":{},"b":{}}
,"/Users/yuridapazsimonin/Documents/Front End Developer/PetShopControl_challenge/src/components/FormErrorMessage/index.tsx": {"path":"/Users/yuridapazsimonin/Documents/Front End Developer/PetShopControl_challenge/src/components/FormErrorMessage/index.tsx","statementMap":{"0":{"start":{"line":1,"column":0},"end":{"line":1,"column":54}},"1":{"start":{"line":4,"column":25},"end":{"line":6,"column":1}},"2":{"start":{"line":5,"column":2},"end":{"line":5,"column":119}},"3":{"start":{"line":8,"column":0},"end":{"line":8,"column":32}}},"fnMap":{"0":{"name":"(anonymous_0)","decl":{"start":{"line":4,"column":25},"end":{"line":4,"column":26}},"loc":{"start":{"line":4,"column":75},"end":{"line":6,"column":1}}}},"branchMap":{"0":{"loc":{"start":{"line":5,"column":63},"end":{"line":5,"column":110}},"type":"cond-expr","locations":[{"start":{"line":5,"column":78},"end":{"line":5,"column":90}},{"start":{"line":5,"column":93},"end":{"line":5,"column":110}}]}},"s":{"0":5,"1":5,"2":3,"3":5},"f":{"0":3},"b":{"0":[1,2]}}
,"/Users/yuridapazsimonin/Documents/Front End Developer/PetShopControl_challenge/src/components/NumberInput/constant.ts": {"path":"/Users/yuridapazsimonin/Documents/Front End Developer/PetShopControl_challenge/src/components/NumberInput/constant.ts","statementMap":{"0":{"start":{"line":1,"column":0},"end":{"line":1,"column":47}},"1":{"start":{"line":3,"column":13},"end":{"line":27,"column":2}}},"fnMap":{},"branchMap":{},"s":{"0":5,"1":5},"f":{},"b":{}}
,"/Users/yuridapazsimonin/Documents/Front End Developer/PetShopControl_challenge/src/components/NumberInput/index.tsx": {"path":"/Users/yuridapazsimonin/Documents/Front End Developer/PetShopControl_challenge/src/components/NumberInput/index.tsx","statementMap":{"0":{"start":{"line":1,"column":0},"end":{"line":1,"column":49}},"1":{"start":{"line":4,"column":20},"end":{"line":32,"column":null}},"2":{"start":{"line":17,"column":2},"end":{"line":31,"column":null}},"3":{"start":{"line":34,"column":0},"end":{"line":34,"column":27}}},"fnMap":{"0":{"name":"(anonymous_0)","decl":{"start":{"line":4,"column":20},"end":{"line":4,"column":21}},"loc":{"start":{"line":17,"column":2},"end":{"line":31,"column":null}}}},"branchMap":{},"s":{"0":5,"1":5,"2":2,"3":5},"f":{"0":2},"b":{}}
,"/Users/yuridapazsimonin/Documents/Front End Developer/PetShopControl_challenge/src/components/SelectInput/constant.ts": {"path":"/Users/yuridapazsimonin/Documents/Front End Developer/PetShopControl_challenge/src/components/SelectInput/constant.ts","statementMap":{"0":{"start":{"line":1,"column":0},"end":{"line":1,"column":47}},"1":{"start":{"line":3,"column":13},"end":{"line":26,"column":2}}},"fnMap":{},"branchMap":{},"s":{"0":5,"1":5},"f":{},"b":{}}
,"/Users/yuridapazsimonin/Documents/Front End Developer/PetShopControl_challenge/src/components/SelectInput/index.tsx": {"path":"/Users/yuridapazsimonin/Documents/Front End Developer/PetShopControl_challenge/src/components/SelectInput/index.tsx","statementMap":{"0":{"start":{"line":1,"column":0},"end":{"line":1,"column":49}},"1":{"start":{"line":4,"column":20},"end":{"line":47,"column":null}},"2":{"start":{"line":18,"column":2},"end":{"line":46,"column":null}},"3":{"start":{"line":35,"column":6},"end":{"line":45,"column":8}},"4":{"start":{"line":50,"column":0},"end":{"line":50,"column":27}}},"fnMap":{"0":{"name":"(anonymous_0)","decl":{"start":{"line":4,"column":20},"end":{"line":4,"column":21}},"loc":{"start":{"line":18,"column":2},"end":{"line":46,"column":null}}},"1":{"name":"(anonymous_1)","decl":{"start":{"line":34,"column":16},"end":{"line":34,"column":17}},"loc":{"start":{"line":34,"column":29},"end":{"line":46,"column":5}}}},"branchMap":{"0":{"loc":{"start":{"line":32,"column":5},"end":{"line":32,"column":95}},"type":"cond-expr","locations":[{"start":{"line":32,"column":17},"end":{"line":32,"column":59}},{"start":{"line":32,"column":62},"end":{"line":32,"column":95}}]}},"s":{"0":5,"1":5,"2":3,"3":12,"4":5},"f":{"0":3,"1":12},"b":{"0":[0,3]}}
,"/Users/yuridapazsimonin/Documents/Front End Developer/PetShopControl_challenge/src/components/TextInput/TextInput.tsx": {"path":"/Users/yuridapazsimonin/Documents/Front End Developer/PetShopControl_challenge/src/components/TextInput/TextInput.tsx","statementMap":{"0":{"start":{"line":2,"column":0},"end":{"line":2,"column":47}},"1":{"start":{"line":6,"column":18},"end":{"line":37,"column":1}},"2":{"start":{"line":19,"column":2},"end":{"line":36,"column":4}},"3":{"start":{"line":39,"column":0},"end":{"line":39,"column":25}}},"fnMap":{"0":{"name":"(anonymous_0)","decl":{"start":{"line":6,"column":18},"end":{"line":6,"column":19}},"loc":{"start":{"line":18,"column":21},"end":{"line":37,"column":1}}}},"branchMap":{},"s":{"0":5,"1":5,"2":5,"3":5},"f":{"0":5},"b":{}}
,"/Users/yuridapazsimonin/Documents/Front End Developer/PetShopControl_challenge/src/components/TextInput/constant.ts": {"path":"/Users/yuridapazsimonin/Documents/Front End Developer/PetShopControl_challenge/src/components/TextInput/constant.ts","statementMap":{"0":{"start":{"line":1,"column":0},"end":{"line":1,"column":47}},"1":{"start":{"line":3,"column":13},"end":{"line":27,"column":2}}},"fnMap":{},"branchMap":{},"s":{"0":5,"1":5},"f":{},"b":{}}
}
